<?xml version="1.0" encoding="UTF-8" standalone="no"?>
<!DOCTYPE log SYSTEM "logger.dtd">
<log>
<record>
  <date>2023-07-11T09:37:57.617182802Z</date>
  <millis>1689068277617</millis>
  <nanos>182802</nanos>
  <sequence>0</sequence>
  <logger>jMetal</logger>
  <level>INFO</level>
  <class>jmetal.metaheuristics.moead.MOEADD_main</class>
  <method>main</method>
  <thread>1</thread>
  <message>Total execution time: 2828ms</message>
</record>
<record>
  <date>2023-07-11T09:37:57.666958918Z</date>
  <millis>1689068277666</millis>
  <nanos>958918</nanos>
  <sequence>1</sequence>
  <logger>jMetal</logger>
  <level>INFO</level>
  <class>jmetal.metaheuristics.moead.MOEADD_main</class>
  <method>main</method>
  <thread>1</thread>
  <message>Variables values have been writen to file VAR</message>
</record>
<record>
  <date>2023-07-11T09:37:57.679417819Z</date>
  <millis>1689068277679</millis>
  <nanos>417819</nanos>
  <sequence>2</sequence>
  <logger>jMetal</logger>
  <level>INFO</level>
  <class>jmetal.metaheuristics.moead.MOEADD_main</class>
  <method>main</method>
  <thread>1</thread>
  <message>Objectives values have been writen to file FUN</message>
</record>
</log>
